<?xml version="1.0" encoding="UTF-8"?>
<!-- Generated by org.testng.reporters.JUnitReportReporter -->
<testsuite skipped="0" hostname="siddhantpanda" name="Training.JiraAssignment.createuserTest" tests="1" failures="0" timestamp="20 May 2021 13:09:25 GMT" time="0.190" errors="0">
  <testcase name="newUser" time="0.190" classname="Training.JiraAssignment.createuserTest"/>
</testsuite> <!-- Training.JiraAssignment.createuserTest -->
