<?xml version="1.0" encoding="UTF-8"?>
<!-- Generated by org.testng.reporters.JUnitReportReporter -->
<testsuite skipped="0" hostname="siddhantpanda" name="Training.JiraAssignment.deleteIssueTest" tests="1" failures="0" timestamp="20 May 2021 13:09:25 GMT" time="0.424" errors="0">
  <testcase name="deleteIssue" time="0.424" classname="Training.JiraAssignment.deleteIssueTest"/>
</testsuite> <!-- Training.JiraAssignment.deleteIssueTest -->
