<?xml version="1.0" encoding="UTF-8"?>
<!-- Generated by org.testng.reporters.JUnitReportReporter -->
<testsuite skipped="0" hostname="siddhantpanda" name="Training.JiraAssignment.deleteUserTest" tests="1" failures="0" timestamp="20 May 2021 13:09:25 GMT" time="0.077" errors="0">
  <testcase name="deleteuser" time="0.077" classname="Training.JiraAssignment.deleteUserTest"/>
</testsuite> <!-- Training.JiraAssignment.deleteUserTest -->
