<?xml version="1.0" encoding="UTF-8"?>
<!-- Generated by org.testng.reporters.JUnitReportReporter -->
<testsuite skipped="0" hostname="siddhantpanda" name="Training.JiraAssignment.getcommentTest" tests="1" failures="0" timestamp="20 May 2021 13:09:25 GMT" time="0.963" errors="0">
  <testcase name="getComments" time="0.963" classname="Training.JiraAssignment.getcommentTest"/>
</testsuite> <!-- Training.JiraAssignment.getcommentTest -->
