<?xml version="1.0" encoding="UTF-8"?>
<!-- Generated by org.testng.reporters.JUnitReportReporter -->
<testsuite skipped="0" hostname="siddhantpanda" name="Training.JiraAssignment.addcommentTest" tests="1" failures="0" timestamp="20 May 2021 13:09:25 GMT" time="0.410" errors="0">
  <testcase name="addComment" time="0.410" classname="Training.JiraAssignment.addcommentTest"/>
</testsuite> <!-- Training.JiraAssignment.addcommentTest -->
