<?xml version="1.0" encoding="UTF-8"?>
<!-- Generated by org.testng.reporters.JUnitReportReporter -->
<testsuite skipped="0" hostname="siddhantpanda" name="createuserTest" tests="1" failures="0" timestamp="20 May 2021 08:47:46 GMT" time="0.300" errors="0">
  <testcase name="newUser" time="0.300" classname="createuserTest"/>
</testsuite> <!-- createuserTest -->
