<?xml version="1.0" encoding="UTF-8"?>
<!-- Generated by org.testng.reporters.JUnitReportReporter -->
<testsuite skipped="0" hostname="siddhantpanda" name="Training.JiraAssignment.createGroupTest" tests="1" failures="0" timestamp="20 May 2021 13:09:25 GMT" time="0.578" errors="0">
  <testcase name="createGroup" time="0.578" classname="Training.JiraAssignment.createGroupTest"/>
</testsuite> <!-- Training.JiraAssignment.createGroupTest -->
