<?xml version="1.0" encoding="UTF-8"?>
<!-- Generated by org.testng.reporters.JUnitReportReporter -->
<testsuite skipped="0" hostname="siddhantpanda" name="addcommentTest" tests="1" failures="0" timestamp="20 May 2021 08:41:30 GMT" time="0.199" errors="0">
  <testcase name="addComment" time="0.199" classname="addcommentTest"/>
</testsuite> <!-- addcommentTest -->
