<?xml version="1.0" encoding="UTF-8"?>
<!-- Generated by org.testng.reporters.JUnitReportReporter -->
<testsuite skipped="0" hostname="siddhantpanda" name="Training.JiraAssignment.updatecommentTest" tests="1" failures="0" timestamp="20 May 2021 13:09:25 GMT" time="0.095" errors="0">
  <testcase name="updateComment" time="0.095" classname="Training.JiraAssignment.updatecommentTest"/>
</testsuite> <!-- Training.JiraAssignment.updatecommentTest -->
